Log file open, 08/22/20 04:59:44
LogInit: Display: Running engine for game: Trabajo2
LogPlatformFile: Not using cached read wrapper
LogTaskGraph: Started task graph with 5 named threads and 23 total threads with 3 sets of task threads.
LogStats: Stats thread started at 11.119505
LogD3D11RHI: Loaded GFSDK_Aftermath_Lib.x64.dll
LogICUInternationalization: ICU TimeZone Detection - Raw Offset: -4:00, Platform Override: ''
LogPluginManager: Mounting plugin Paper2D
LogPluginManager: Mounting plugin AISupport
LogPluginManager: Mounting plugin LightPropagationVolume
LogPluginManager: Mounting plugin CameraShakePreviewer
LogPluginManager: Mounting plugin ActorLayerUtilities
LogPluginManager: Mounting plugin AnimationSharing
LogPluginManager: Mounting plugin CLionSourceCodeAccess
LogPluginManager: Mounting plugin CodeLiteSourceCodeAccess
LogPluginManager: Mounting plugin GitSourceControl
LogPluginManager: Mounting plugin KDevelopSourceCodeAccess
LogPluginManager: Mounting plugin NullSourceCodeAccess
LogPluginManager: Mounting plugin PerforceSourceControl
LogPluginManager: Mounting plugin PlasticSourceControl
LogPluginManager: Mounting plugin RiderSourceCodeAccess
LogPluginManager: Mounting plugin SubversionSourceControl
LogPluginManager: Mounting plugin UObjectPlugin
LogPluginManager: Mounting plugin VisualStudioCodeSourceCodeAccess
LogPluginManager: Mounting plugin VisualStudioSourceCodeAccess
LogPluginManager: Mounting plugin XCodeSourceCodeAccess
LogPluginManager: Mounting plugin AssetManagerEditor
LogPluginManager: Mounting plugin CryptoKeys
LogPluginManager: Mounting plugin CurveEditorTools
LogPluginManager: Mounting plugin DataValidation
LogPluginManager: Mounting plugin EditorScriptingUtilities
LogPluginManager: Mounting plugin FacialAnimation
LogPluginManager: Mounting plugin GameplayTagsEditor
LogPluginManager: Mounting plugin GeometryMode
LogPluginManager: Mounting plugin MacGraphicsSwitching
LogPluginManager: Mounting plugin MaterialAnalyzer
LogPluginManager: Mounting plugin MobileLauncherProfileWizard
LogPluginManager: Mounting plugin PluginBrowser
LogPluginManager: Mounting plugin SpeedTreeImporter
LogPluginManager: Mounting plugin DatasmithContent
LogPluginManager: Mounting plugin VariantManagerContent
LogPluginManager: Mounting plugin AlembicImporter
LogPluginManager: Mounting plugin AutomationUtils
LogPluginManager: Mounting plugin BackChannel
LogPluginManager: Mounting plugin ChaosCloth
LogPluginManager: Mounting plugin ChaosClothEditor
LogPluginManager: Mounting plugin ChaosEditor
LogPluginManager: Mounting plugin ChaosNiagara
LogPluginManager: Mounting plugin ChaosSolverPlugin
LogPluginManager: Mounting plugin CharacterAI
LogPluginManager: Mounting plugin GeometryCache
LogPluginManager: Mounting plugin GeometryCollectionPlugin
LogPluginManager: Mounting plugin GeometryProcessing
LogPluginManager: Mounting plugin PlanarCut
LogPluginManager: Mounting plugin PlatformCrypto
LogPluginManager: Mounting plugin ProxyLODPlugin
LogPluginManager: Mounting plugin SkeletalReduction
LogPluginManager: Mounting plugin Niagara
LogPluginManager: Mounting plugin MagicLeap
LogPluginManager: Mounting plugin MagicLeapLightEstimation
LogPluginManager: Mounting plugin MagicLeapMedia
LogPluginManager: Mounting plugin MagicLeapPassableWorld
LogPluginManager: Mounting plugin MLSDK
LogPluginManager: Mounting plugin AndroidMedia
LogPluginManager: Mounting plugin AvfMedia
LogPluginManager: Mounting plugin ImgMedia
LogPluginManager: Mounting plugin MediaCompositing
LogPluginManager: Mounting plugin MediaPlayerEditor
LogPluginManager: Mounting plugin WebMMedia
LogPluginManager: Mounting plugin WmfMedia
LogPluginManager: Mounting plugin MeshPainting
LogPluginManager: Mounting plugin TcpMessaging
LogPluginManager: Mounting plugin UdpMessaging
LogPluginManager: Mounting plugin ActorSequence
LogPluginManager: Mounting plugin LevelSequenceEditor
LogPluginManager: Mounting plugin MatineeToLevelSequence
LogPluginManager: Mounting plugin MovieRenderPipeline
LogPluginManager: Mounting plugin TemplateSequence
LogPluginManager: Mounting plugin NetcodeUnitTest
LogPluginManager: Mounting plugin NUTUnrealEngine4
LogPluginManager: Mounting plugin OnlineSubsystemGooglePlay
LogPluginManager: Mounting plugin OnlineSubsystemIOS
LogPluginManager: Mounting plugin OnlineSubsystem
LogPluginManager: Mounting plugin OnlineSubsystemNull
LogPluginManager: Mounting plugin OnlineSubsystemUtils
LogPluginManager: Mounting plugin LauncherChunkInstaller
LogPluginManager: Mounting plugin AndroidDeviceProfileSelector
LogPluginManager: Mounting plugin AndroidMoviePlayer
LogPluginManager: Mounting plugin AndroidPermission
LogPluginManager: Mounting plugin AppleImageUtils
LogPluginManager: Mounting plugin AppleMoviePlayer
LogPluginManager: Mounting plugin ArchVisCharacter
LogPluginManager: Mounting plugin AssetTags
LogPluginManager: Mounting plugin AudioCapture
LogPluginManager: Mounting plugin CableComponent
LogPluginManager: Mounting plugin CustomMeshComponent
LogPluginManager: Mounting plugin EditableMesh
LogPluginManager: Mounting plugin ExampleDeviceProfileSelector
LogPluginManager: Mounting plugin GoogleCloudMessaging
LogPluginManager: Mounting plugin GooglePAD
LogPluginManager: Mounting plugin IOSDeviceProfileSelector
LogPluginManager: Mounting plugin LinuxDeviceProfileSelector
LogPluginManager: Mounting plugin LocationServicesBPLibrary
LogPluginManager: Mounting plugin MobilePatchingUtils
LogPluginManager: Mounting plugin OculusVR
LogPluginManager: Mounting plugin PhysXVehicles
LogPluginManager: Mounting plugin PostSplashScreen
LogPluginManager: Mounting plugin ProceduralMeshComponent
LogPluginManager: Mounting plugin RuntimePhysXCooking
LogPluginManager: Mounting plugin SignificanceManager
LogPluginManager: Mounting plugin SoundFields
LogPluginManager: Mounting plugin SteamVR
LogPluginManager: Mounting plugin Synthesis
LogPluginManager: Mounting plugin WebMMoviePlayer
LogPluginManager: Mounting plugin WindowsMoviePlayer
LogPluginManager: Mounting plugin ScreenshotTools
LogInit: Using libcurl 7.55.1-DEV
LogInit:  - built for x86_64-pc-win32
LogInit:  - supports SSL with OpenSSL/1.1.1
LogInit:  - supports HTTP deflate (compression) using libz 1.2.8
LogInit:  - other features:
LogInit:      CURL_VERSION_SSL
LogInit:      CURL_VERSION_LIBZ
LogInit:      CURL_VERSION_IPV6
LogInit:      CURL_VERSION_ASYNCHDNS
LogInit:      CURL_VERSION_LARGEFILE
LogInit:      CURL_VERSION_IDN
LogInit:  CurlRequestOptions (configurable via config and command line):
LogInit:  - bVerifyPeer = true  - Libcurl will verify peer certificate
LogInit:  - bUseHttpProxy = false  - Libcurl will NOT use HTTP proxy
LogInit:  - bDontReuseConnections = false  - Libcurl will reuse connections
LogInit:  - MaxHostConnections = 16  - Libcurl will limit the number of connections to a host
LogInit:  - LocalHostAddr = Default
LogInit:  - BufferSize = 65536
LogOnline: OSS: Creating online subsystem instance for: NULL
LogInit: WinSock: version 1.1 (2.2), MaxSocks=32767, MaxUdp=65467
LogOnline: OSS: TryLoadSubsystemAndSetDefault: Loaded subsystem for module [NULL]
LogInit: Build: ++UE4+Release-4.25-CL-13594126
LogInit: Engine Version: 4.25.1-13594126+++UE4+Release-4.25
LogInit: Compatible Engine Version: 4.25.0-13144385+++UE4+Release-4.25
LogInit: Net CL: 13144385
LogInit: OS: Windows 10 (Release 1909) (), CPU: Intel(R) Core(TM) i5-9300H CPU @ 2.40GHz, GPU: Intel(R) UHD Graphics 630
LogInit: Compiled (64-bit): Jun  2 2020 02:10:36
LogInit: Compiled with Visual C++: 19.24.28315.00
LogInit: Build Configuration: Development
LogInit: Branch Name: ++UE4+Release-4.25
LogInit: Command Line: 
LogInit: Base Directory: D:/VOID2/Epic Games/UE_4.25/Engine/Binaries/Win64/
LogInit: Allocator: TBB
LogInit: Installed Engine Build: 1
LogDevObjectVersion: Number of dev versions registered: 26
LogDevObjectVersion:   Dev-Blueprints (B0D832E4-1F89-4F0D-ACCF-7EB736FD4AA2): 10
LogDevObjectVersion:   Dev-Build (E1C64328-A22C-4D53-A36C-8E866417BD8C): 0
LogDevObjectVersion:   Dev-Core (375EC13C-06E4-48FB-B500-84F0262A717E): 4
LogDevObjectVersion:   Dev-Editor (E4B068ED-F494-42E9-A231-DA0B2E46BB41): 38
LogDevObjectVersion:   Dev-Framework (CFFC743F-43B0-4480-9391-14DF171D2073): 37
LogDevObjectVersion:   Dev-Mobile (B02B49B5-BB20-44E9-A304-32B752E40360): 2
LogDevObjectVersion:   Dev-Networking (A4E4105C-59A1-49B5-A7C5-40C4547EDFEE): 0
LogDevObjectVersion:   Dev-Online (39C831C9-5AE6-47DC-9A44-9C173E1C8E7C): 0
LogDevObjectVersion:   Dev-Physics (78F01B33-EBEA-4F98-B9B4-84EACCB95AA2): 4
LogDevObjectVersion:   Dev-Platform (6631380F-2D4D-43E0-8009-CF276956A95A): 0
LogDevObjectVersion:   Dev-Rendering (12F88B9F-8875-4AFC-A67C-D90C383ABD29): 43
LogDevObjectVersion:   Dev-Sequencer (7B5AE74C-D270-4C10-A958-57980B212A5A): 12
LogDevObjectVersion:   Dev-VR (D7296918-1DD6-4BDD-9DE2-64A83CC13884): 3
LogDevObjectVersion:   Dev-LoadTimes (C2A15278-BFE7-4AFE-6C17-90FF531DF755): 1
LogDevObjectVersion:   Private-Geometry (6EACA3D4-40EC-4CC1-B786-8BED09428FC5): 3
LogDevObjectVersion:   Dev-AnimPhys (29E575DD-E0A3-4627-9D10-D276232CDCEA): 17
LogDevObjectVersion:   Dev-Anim (AF43A65D-7FD3-4947-9873-3E8ED9C1BB05): 7
LogDevObjectVersion:   Dev-ReflectionCapture (6B266CEC-1EC7-4B8F-A30B-E4D90942FC07): 1
LogDevObjectVersion:   Dev-Automation (0DF73D61-A23F-47EA-B727-89E90C41499A): 1
LogDevObjectVersion:   FortniteMain (601D1886-AC64-4F84-AA16-D3DE0DEAC7D6): 31
LogDevObjectVersion:   Dev-Enterprise (9DFFBCD6-494F-0158-E221-12823C92A888): 10
LogDevObjectVersion:   Dev-Niagara (F2AED0AC-9AFE-416F-8664-AA7FFA26D6FC): 1
LogDevObjectVersion:   Dev-Destruction (174F1F0B-B4C6-45A5-B13F-2EE8D0FB917D): 10
LogDevObjectVersion:   Dev-Physics-Ext (35F94A83-E258-406C-A318-09F59610247C): 37
LogDevObjectVersion:   Dev-PhysicsMaterial-Chaos (B68FC16E-8B1B-42E2-B453-215C058844FE): 1
LogDevObjectVersion:   Dev-CineCamera (B2E18506-4273-CFC2-A54E-F4BB758BBA07): 1
LogInit: Presizing for max 25165824 objects, including 0 objects not considered by GC, pre-allocating 0 bytes for permanent pool.
LogConfig: Applying CVar settings from Section [/Script/Engine.StreamingSettings] File [C:/Users/claud/OneDrive/Documentos/GitHub/Programacion-3/Trabajo2/Saved/Config/Windows/Engine.ini]
LogConfig: Setting CVar [[s.MinBulkDataSizeForAsyncLoading:131072]]
LogConfig: Setting CVar [[s.AsyncLoadingThreadEnabled:0]]
LogConfig: Setting CVar [[s.EventDrivenLoaderEnabled:1]]
LogConfig: Setting CVar [[s.WarnIfTimeLimitExceeded:0]]
LogConfig: Setting CVar [[s.TimeLimitExceededMultiplier:1.5]]
LogConfig: Setting CVar [[s.TimeLimitExceededMinTime:0.005]]
LogConfig: Setting CVar [[s.UseBackgroundLevelStreaming:1]]
LogConfig: Setting CVar [[s.PriorityAsyncLoadingExtraTime:15.0]]
LogConfig: Setting CVar [[s.LevelStreamingActorsUpdateTimeLimit:5.0]]
LogConfig: Setting CVar [[s.PriorityLevelStreamingActorsUpdateExtraTime:5.0]]
LogConfig: Setting CVar [[s.LevelStreamingComponentsRegistrationGranularity:10]]
LogConfig: Setting CVar [[s.UnregisterComponentsTimeLimit:1.0]]
LogConfig: Setting CVar [[s.LevelStreamingComponentsUnregistrationGranularity:5]]
LogConfig: Setting CVar [[s.FlushStreamingOnExit:1]]
LogInit: Object subsystem initialized
LogConfig: Setting CVar [[con.DebugEarlyDefault:1]]
LogConfig: Setting CVar [[r.setres:1280x720]]
[2020.08.22-08.59.48:956][  0]LogConfig: Setting CVar [[r.VSync:0]]
[2020.08.22-08.59.48:956][  0]LogConfig: Setting CVar [[r.RHICmdBypass:0]]
[2020.08.22-08.59.48:964][  0]LogConfig: Applying CVar settings from Section [/Script/Engine.RendererSettings] File [C:/Users/claud/OneDrive/Documentos/GitHub/Programacion-3/Trabajo2/Saved/Config/Windows/Engine.ini]
[2020.08.22-08.59.48:964][  0]LogConfig: Setting CVar [[r.GPUCrashDebugging:0]]
[2020.08.22-08.59.48:964][  0]LogConfig: Applying CVar settings from Section [/Script/Engine.RendererOverrideSettings] File [C:/Users/claud/OneDrive/Documentos/GitHub/Programacion-3/Trabajo2/Saved/Config/Windows/Engine.ini]
[2020.08.22-08.59.48:964][  0]LogConfig: Applying CVar settings from Section [/Script/Engine.StreamingSettings] File [C:/Users/claud/OneDrive/Documentos/GitHub/Programacion-3/Trabajo2/Saved/Config/Windows/Engine.ini]
[2020.08.22-08.59.48:964][  0]LogConfig: Setting CVar [[s.MinBulkDataSizeForAsyncLoading:131072]]
[2020.08.22-08.59.48:964][  0]LogConfig: Setting CVar [[s.AsyncLoadingThreadEnabled:0]]
[2020.08.22-08.59.48:964][  0]LogConfig: Setting CVar [[s.EventDrivenLoaderEnabled:1]]
[2020.08.22-08.59.48:964][  0]LogConfig: Setting CVar [[s.WarnIfTimeLimitExceeded:0]]
[2020.08.22-08.59.48:964][  0]LogConfig: Setting CVar [[s.TimeLimitExceededMultiplier:1.5]]
[2020.08.22-08.59.48:964][  0]LogConfig: Setting CVar [[s.TimeLimitExceededMinTime:0.005]]
[2020.08.22-08.59.48:964][  0]LogConfig: Setting CVar [[s.UseBackgroundLevelStreaming:1]]
[2020.08.22-08.59.48:964][  0]LogConfig: Setting CVar [[s.PriorityAsyncLoadingExtraTime:15.0]]
[2020.08.22-08.59.48:964][  0]LogConfig: Setting CVar [[s.LevelStreamingActorsUpdateTimeLimit:5.0]]
[2020.08.22-08.59.48:964][  0]LogConfig: Setting CVar [[s.PriorityLevelStreamingActorsUpdateExtraTime:5.0]]
[2020.08.22-08.59.48:964][  0]LogConfig: Setting CVar [[s.LevelStreamingComponentsRegistrationGranularity:10]]
[2020.08.22-08.59.48:964][  0]LogConfig: Setting CVar [[s.UnregisterComponentsTimeLimit:1.0]]
[2020.08.22-08.59.48:964][  0]LogConfig: Setting CVar [[s.LevelStreamingComponentsUnregistrationGranularity:5]]
[2020.08.22-08.59.48:964][  0]LogConfig: Setting CVar [[s.FlushStreamingOnExit:1]]
[2020.08.22-08.59.48:964][  0]LogConfig: Applying CVar settings from Section [/Script/Engine.GarbageCollectionSettings] File [C:/Users/claud/OneDrive/Documentos/GitHub/Programacion-3/Trabajo2/Saved/Config/Windows/Engine.ini]
[2020.08.22-08.59.48:965][  0]LogConfig: Setting CVar [[gc.MaxObjectsNotConsideredByGC:1]]
[2020.08.22-08.59.48:965][  0]LogConfig: Setting CVar [[gc.SizeOfPermanentObjectPool:0]]
[2020.08.22-08.59.48:965][  0]LogConfig: Setting CVar [[gc.FlushStreamingOnGC:0]]
[2020.08.22-08.59.48:965][  0]LogConfig: Setting CVar [[gc.NumRetriesBeforeForcingGC:10]]
[2020.08.22-08.59.48:965][  0]LogConfig: Setting CVar [[gc.AllowParallelGC:1]]
[2020.08.22-08.59.48:965][  0]LogConfig: Setting CVar [[gc.TimeBetweenPurgingPendingKillObjects:61.1]]
[2020.08.22-08.59.48:965][  0]LogConfig: Setting CVar [[gc.MaxObjectsInEditor:25165824]]
[2020.08.22-08.59.48:965][  0]LogConfig: Setting CVar [[gc.IncrementalBeginDestroyEnabled:1]]
[2020.08.22-08.59.48:965][  0]LogConfig: Setting CVar [[gc.CreateGCClusters:1]]
[2020.08.22-08.59.48:965][  0]LogConfig: Setting CVar [[gc.MinGCClusterSize:5]]
[2020.08.22-08.59.48:965][  0]LogConfig: Setting CVar [[gc.ActorClusteringEnabled:0]]
[2020.08.22-08.59.48:965][  0]LogConfig: Setting CVar [[gc.BlueprintClusteringEnabled:0]]
[2020.08.22-08.59.48:965][  0]LogConfig: Setting CVar [[gc.UseDisregardForGCOnDedicatedServers:0]]
[2020.08.22-08.59.48:965][  0]LogConfig: Applying CVar settings from Section [/Script/Engine.NetworkSettings] File [C:/Users/claud/OneDrive/Documentos/GitHub/Programacion-3/Trabajo2/Saved/Config/Windows/Engine.ini]
[2020.08.22-08.59.48:965][  0]LogConfig: Applying CVar settings from Section [/Script/UnrealEd.CookerSettings] File [C:/Users/claud/OneDrive/Documentos/GitHub/Programacion-3/Trabajo2/Saved/Config/Windows/Engine.ini]
[2020.08.22-08.59.49:043][  0]LogConfig: Applying CVar settings from Section [ViewDistanceQuality@3] File [C:/Users/claud/OneDrive/Documentos/GitHub/Programacion-3/Trabajo2/Saved/Config/Windows/Scalability.ini]
[2020.08.22-08.59.49:043][  0]LogConfig: Setting CVar [[r.SkeletalMeshLODBias:0]]
[2020.08.22-08.59.49:043][  0]LogConfig: Setting CVar [[r.ViewDistanceScale:1.0]]
[2020.08.22-08.59.49:043][  0]LogConfig: Applying CVar settings from Section [AntiAliasingQuality@3] File [C:/Users/claud/OneDrive/Documentos/GitHub/Programacion-3/Trabajo2/Saved/Config/Windows/Scalability.ini]
[2020.08.22-08.59.49:043][  0]LogConfig: Setting CVar [[r.PostProcessAAQuality:4]]
[2020.08.22-08.59.49:043][  0]LogConfig: Applying CVar settings from Section [ShadowQuality@3] File [C:/Users/claud/OneDrive/Documentos/GitHub/Programacion-3/Trabajo2/Saved/Config/Windows/Scalability.ini]
[2020.08.22-08.59.49:043][  0]LogConfig: Setting CVar [[r.LightFunctionQuality:1]]
[2020.08.22-08.59.49:043][  0]LogConfig: Setting CVar [[r.ShadowQuality:5]]
[2020.08.22-08.59.49:043][  0]LogConfig: Setting CVar [[r.Shadow.CSM.MaxCascades:10]]
[2020.08.22-08.59.49:043][  0]LogConfig: Setting CVar [[r.Shadow.MaxResolution:2048]]
[2020.08.22-08.59.49:043][  0]LogConfig: Setting CVar [[r.Shadow.MaxCSMResolution:2048]]
[2020.08.22-08.59.49:043][  0]LogConfig: Setting CVar [[r.Shadow.RadiusThreshold:0.01]]
[2020.08.22-08.59.49:043][  0]LogConfig: Setting CVar [[r.Shadow.DistanceScale:1.0]]
[2020.08.22-08.59.49:043][  0]LogConfig: Setting CVar [[r.Shadow.CSM.TransitionScale:1.0]]
[2020.08.22-08.59.49:043][  0]LogConfig: Setting CVar [[r.Shadow.PreShadowResolutionFactor:1.0]]
[2020.08.22-08.59.49:043][  0]LogConfig: Setting CVar [[r.DistanceFieldShadowing:1]]
[2020.08.22-08.59.49:043][  0]LogConfig: Setting CVar [[r.DistanceFieldAO:1]]
[2020.08.22-08.59.49:043][  0]LogConfig: Setting CVar [[r.AOQuality:2]]
[2020.08.22-08.59.49:043][  0]LogConfig: Setting CVar [[r.VolumetricFog:1]]
[2020.08.22-08.59.49:043][  0]LogConfig: Setting CVar [[r.VolumetricFog.GridPixelSize:8]]
[2020.08.22-08.59.49:043][  0]LogConfig: Setting CVar [[r.VolumetricFog.GridSizeZ:128]]
[2020.08.22-08.59.49:043][  0]LogConfig: Setting CVar [[r.VolumetricFog.HistoryMissSupersampleCount:4]]
[2020.08.22-08.59.49:043][  0]LogConfig: Setting CVar [[r.LightMaxDrawDistanceScale:1]]
[2020.08.22-08.59.49:043][  0]LogConfig: Setting CVar [[r.CapsuleShadows:1]]
[2020.08.22-08.59.49:043][  0]LogConfig: Applying CVar settings from Section [PostProcessQuality@3] File [C:/Users/claud/OneDrive/Documentos/GitHub/Programacion-3/Trabajo2/Saved/Config/Windows/Scalability.ini]
[2020.08.22-08.59.49:043][  0]LogConfig: Setting CVar [[r.MotionBlurQuality:4]]
[2020.08.22-08.59.49:043][  0]LogConfig: Setting CVar [[r.AmbientOcclusionMipLevelFactor:0.4]]
[2020.08.22-08.59.49:043][  0]LogConfig: Setting CVar [[r.AmbientOcclusionMaxQuality:100]]
[2020.08.22-08.59.49:043][  0]LogConfig: Setting CVar [[r.AmbientOcclusionLevels:-1]]
[2020.08.22-08.59.49:043][  0]LogConfig: Setting CVar [[r.AmbientOcclusionRadiusScale:1.0]]
[2020.08.22-08.59.49:043][  0]LogConfig: Setting CVar [[r.DepthOfFieldQuality:2]]
[2020.08.22-08.59.49:043][  0]LogConfig: Setting CVar [[r.RenderTargetPoolMin:400]]
[2020.08.22-08.59.49:043][  0]LogConfig: Setting CVar [[r.LensFlareQuality:2]]
[2020.08.22-08.59.49:043][  0]LogConfig: Setting CVar [[r.SceneColorFringeQuality:1]]
[2020.08.22-08.59.49:043][  0]LogConfig: Setting CVar [[r.EyeAdaptationQuality:2]]
[2020.08.22-08.59.49:043][  0]LogConfig: Setting CVar [[r.BloomQuality:5]]
[2020.08.22-08.59.49:043][  0]LogConfig: Setting CVar [[r.FastBlurThreshold:100]]
[2020.08.22-08.59.49:043][  0]LogConfig: Setting CVar [[r.Upscale.Quality:3]]
[2020.08.22-08.59.49:043][  0]LogConfig: Setting CVar [[r.Tonemapper.GrainQuantization:1]]
[2020.08.22-08.59.49:043][  0]LogConfig: Setting CVar [[r.LightShaftQuality:1]]
[2020.08.22-08.59.49:043][  0]LogConfig: Setting CVar [[r.Filter.SizeScale:1]]
[2020.08.22-08.59.49:043][  0]LogConfig: Setting CVar [[r.Tonemapper.Quality:5]]
[2020.08.22-08.59.49:043][  0]LogConfig: Setting CVar [[r.DOF.Gather.AccumulatorQuality:1        ; higher gathering accumulator quality]]
[2020.08.22-08.59.49:043][  0]LogConfig: Setting CVar [[r.DOF.Gather.PostfilterMethod:1          ; Median3x3 postfilering method]]
[2020.08.22-08.59.49:043][  0]LogConfig: Setting CVar [[r.DOF.Gather.EnableBokehSettings:0       ; no bokeh simulation when gathering]]
[2020.08.22-08.59.49:043][  0]LogConfig: Setting CVar [[r.DOF.Gather.RingCount:4                 ; medium number of samples when gathering]]
[2020.08.22-08.59.49:043][  0]LogConfig: Setting CVar [[r.DOF.Scatter.ForegroundCompositing:1    ; additive foreground scattering]]
[2020.08.22-08.59.49:044][  0]LogConfig: Setting CVar [[r.DOF.Scatter.BackgroundCompositing:2    ; additive background scattering]]
[2020.08.22-08.59.49:044][  0]LogConfig: Setting CVar [[r.DOF.Scatter.EnableBokehSettings:1      ; bokeh simulation when scattering]]
[2020.08.22-08.59.49:044][  0]LogConfig: Setting CVar [[r.DOF.Scatter.MaxSpriteRatio:0.1         ; only a maximum of 10% of scattered bokeh]]
[2020.08.22-08.59.49:044][  0]LogConfig: Setting CVar [[r.DOF.Recombine.Quality:1                ; cheap slight out of focus]]
[2020.08.22-08.59.49:044][  0]LogConfig: Setting CVar [[r.DOF.Recombine.EnableBokehSettings:0    ; no bokeh simulation on slight out of focus]]
[2020.08.22-08.59.49:044][  0]LogConfig: Setting CVar [[r.DOF.TemporalAAQuality:1                ; more stable temporal accumulation]]
[2020.08.22-08.59.49:044][  0]LogConfig: Setting CVar [[r.DOF.Kernel.MaxForegroundRadius:0.025]]
[2020.08.22-08.59.49:044][  0]LogConfig: Setting CVar [[r.DOF.Kernel.MaxBackgroundRadius:0.025]]
[2020.08.22-08.59.49:044][  0]LogConfig: Applying CVar settings from Section [TextureQuality@3] File [C:/Users/claud/OneDrive/Documentos/GitHub/Programacion-3/Trabajo2/Saved/Config/Windows/Scalability.ini]
[2020.08.22-08.59.49:044][  0]LogConfig: Setting CVar [[r.Streaming.MipBias:0]]
[2020.08.22-08.59.49:044][  0]LogConfig: Setting CVar [[r.Streaming.AmortizeCPUToGPUCopy:0]]
[2020.08.22-08.59.49:044][  0]LogConfig: Setting CVar [[r.Streaming.MaxNumTexturesToStreamPerFrame:0]]
[2020.08.22-08.59.49:044][  0]LogConfig: Setting CVar [[r.Streaming.Boost:1]]
[2020.08.22-08.59.49:044][  0]LogConfig: Setting CVar [[r.MaxAnisotropy:8]]
[2020.08.22-08.59.49:044][  0]LogConfig: Setting CVar [[r.VT.MaxAnisotropy:8]]
[2020.08.22-08.59.49:044][  0]LogConfig: Setting CVar [[r.Streaming.LimitPoolSizeToVRAM:0]]
[2020.08.22-08.59.49:044][  0]LogConfig: Setting CVar [[r.Streaming.PoolSize:1000]]
[2020.08.22-08.59.49:044][  0]LogConfig: Setting CVar [[r.Streaming.MaxEffectiveScreenSize:0]]
[2020.08.22-08.59.49:044][  0]LogConfig: Applying CVar settings from Section [EffectsQuality@3] File [C:/Users/claud/OneDrive/Documentos/GitHub/Programacion-3/Trabajo2/Saved/Config/Windows/Scalability.ini]
[2020.08.22-08.59.49:044][  0]LogConfig: Setting CVar [[r.TranslucencyLightingVolumeDim:64]]
[2020.08.22-08.59.49:044][  0]LogConfig: Setting CVar [[r.RefractionQuality:2]]
[2020.08.22-08.59.49:044][  0]LogConfig: Setting CVar [[r.SSR.Quality:3]]
[2020.08.22-08.59.49:044][  0]LogConfig: Setting CVar [[r.SSR.HalfResSceneColor:0]]
[2020.08.22-08.59.49:044][  0]LogConfig: Setting CVar [[r.SceneColorFormat:4]]
[2020.08.22-08.59.49:044][  0]LogConfig: Setting CVar [[r.DetailMode:2]]
[2020.08.22-08.59.49:044][  0]LogConfig: Setting CVar [[r.TranslucencyVolumeBlur:1]]
[2020.08.22-08.59.49:044][  0]LogConfig: Setting CVar [[r.MaterialQualityLevel:1 ; High quality]]
[2020.08.22-08.59.49:044][  0]LogConfig: Setting CVar [[r.SSS.Scale:1]]
[2020.08.22-08.59.49:044][  0]LogConfig: Setting CVar [[r.SSS.SampleSet:2]]
[2020.08.22-08.59.49:044][  0]LogConfig: Setting CVar [[r.SSS.Quality:1]]
[2020.08.22-08.59.49:044][  0]LogConfig: Setting CVar [[r.SSS.HalfRes:0]]
[2020.08.22-08.59.49:044][  0]LogConfig: Setting CVar [[r.SSGI.Quality:3]]
[2020.08.22-08.59.49:044][  0]LogConfig: Setting CVar [[r.EmitterSpawnRateScale:1.0]]
[2020.08.22-08.59.49:044][  0]LogConfig: Setting CVar [[r.ParticleLightQuality:2]]
[2020.08.22-08.59.49:044][  0]LogConfig: Setting CVar [[r.SkyAtmosphere.AerialPerspectiveLUT.FastApplyOnOpaque:1 ; Always have FastSkyLUT 1 in this case to avoid wrong sky]]
[2020.08.22-08.59.49:044][  0]LogConfig: Setting CVar [[r.SkyAtmosphere.AerialPerspectiveLUT.SampleCountPerSlice:1]]
[2020.08.22-08.59.49:044][  0]LogConfig: Setting CVar [[r.SkyAtmosphere.AerialPerspectiveLUT.DepthResolution:16.0]]
[2020.08.22-08.59.49:044][  0]LogConfig: Setting CVar [[r.SkyAtmosphere.FastSkyLUT:1]]
[2020.08.22-08.59.49:044][  0]LogConfig: Setting CVar [[r.SkyAtmosphere.FastSkyLUT.SampleCountMin:4.0]]
[2020.08.22-08.59.49:044][  0]LogConfig: Setting CVar [[r.SkyAtmosphere.FastSkyLUT.SampleCountMax:32.0]]
[2020.08.22-08.59.49:044][  0]LogConfig: Setting CVar [[r.SkyAtmosphere.SampleCountMin:4.0]]
[2020.08.22-08.59.49:044][  0]LogConfig: Setting CVar [[r.SkyAtmosphere.SampleCountMax:32.0]]
[2020.08.22-08.59.49:044][  0]LogConfig: Setting CVar [[r.SkyAtmosphere.TransmittanceLUT.UseSmallFormat:0]]
[2020.08.22-08.59.49:044][  0]LogConfig: Setting CVar [[r.SkyAtmosphere.TransmittanceLUT.SampleCount:10.0]]
[2020.08.22-08.59.49:044][  0]LogConfig: Setting CVar [[r.SkyAtmosphere.MultiScatteringLUT.SampleCount:15.0]]
[2020.08.22-08.59.49:044][  0]LogConfig: Applying CVar settings from Section [FoliageQuality@3] File [C:/Users/claud/OneDrive/Documentos/GitHub/Programacion-3/Trabajo2/Saved/Config/Windows/Scalability.ini]
[2020.08.22-08.59.49:044][  0]LogConfig: Setting CVar [[foliage.DensityScale:1.0]]
[2020.08.22-08.59.49:044][  0]LogConfig: Setting CVar [[grass.DensityScale:1.0]]
[2020.08.22-08.59.49:044][  0]LogConfig: Applying CVar settings from Section [ShadingQuality@3] File [C:/Users/claud/OneDrive/Documentos/GitHub/Programacion-3/Trabajo2/Saved/Config/Windows/Scalability.ini]
[2020.08.22-08.59.49:044][  0]LogConfig: Setting CVar [[r.HairStrands.SkyLighting.SampleCount:16]]
[2020.08.22-08.59.49:044][  0]LogConfig: Setting CVar [[r.HairStrands.SkyLighting.JitterIntegration:0]]
[2020.08.22-08.59.49:044][  0]LogConfig: Setting CVar [[r.HairStrands.SkyAO.SampleCount:16]]
[2020.08.22-08.59.49:044][  0]LogConfig: Setting CVar [[r.HairStrands.DeepShadow.SuperSampling:0]]
[2020.08.22-08.59.49:044][  0]LogConfig: Setting CVar [[r.HairStrands.VisibilityPPLL:0]]
[2020.08.22-08.59.49:044][  0]LogConfig: Setting CVar [[r.HairStrands.RasterizationScale:0.5]]
[2020.08.22-08.59.49:044][  0]LogConfig: Setting CVar [[r.HairStrands.VelocityRasterizationScale:1]]
[2020.08.22-08.59.49:065][  0]LogInit: Selected Device Profile: [Windows]
[2020.08.22-08.59.49:065][  0]LogInit: Applying CVar settings loaded from the selected device profile: [Windows]
[2020.08.22-08.59.49:082][  0]LogHAL: Display: Platform has ~ 8 GB [8464355328 / 8589934592 / 8], which maps to Default [LargestMinGB=32, LargerMinGB=12, DefaultMinGB=8, SmallerMinGB=6, SmallestMinGB=0)
[2020.08.22-08.59.49:082][  0]LogInit: Going up to parent DeviceProfile []
[2020.08.22-08.59.49:083][  0]LogConfig: Applying CVar settings from Section [ViewDistanceQuality@3] File [C:/Users/claud/OneDrive/Documentos/GitHub/Programacion-3/Trabajo2/Saved/Config/Windows/Scalability.ini]
[2020.08.22-08.59.49:083][  0]LogConfig: Setting CVar [[r.SkeletalMeshLODBias:0]]
[2020.08.22-08.59.49:083][  0]LogConfig: Setting CVar [[r.ViewDistanceScale:1.0]]
[2020.08.22-08.59.49:083][  0]LogConfig: Applying CVar settings from Section [AntiAliasingQuality@3] File [C:/Users/claud/OneDrive/Documentos/GitHub/Programacion-3/Trabajo2/Saved/Config/Windows/Scalability.ini]
[2020.08.22-08.59.49:083][  0]LogConfig: Setting CVar [[r.PostProcessAAQuality:4]]
[2020.08.22-08.59.49:083][  0]LogConfig: Applying CVar settings from Section [ShadowQuality@3] File [C:/Users/claud/OneDrive/Documentos/GitHub/Programacion-3/Trabajo2/Saved/Config/Windows/Scalability.ini]
[2020.08.22-08.59.49:083][  0]LogConfig: Setting CVar [[r.LightFunctionQuality:1]]
[2020.08.22-08.59.49:083][  0]LogConfig: Setting CVar [[r.ShadowQuality:5]]
[2020.08.22-08.59.49:083][  0]LogConfig: Setting CVar [[r.Shadow.CSM.MaxCascades:10]]
[2020.08.22-08.59.49:084][  0]LogConfig: Setting CVar [[r.Shadow.MaxResolution:2048]]
[2020.08.22-08.59.49:084][  0]LogConfig: Setting CVar [[r.Shadow.MaxCSMResolution:2048]]
[2020.08.22-08.59.49:084][  0]LogConfig: Setting CVar [[r.Shadow.RadiusThreshold:0.01]]
[2020.08.22-08.59.49:084][  0]LogConfig: Setting CVar [[r.Shadow.DistanceScale:1.0]]
[2020.08.22-08.59.49:084][  0]LogConfig: Setting CVar [[r.Shadow.CSM.TransitionScale:1.0]]
[2020.08.22-08.59.49:084][  0]LogConfig: Setting CVar [[r.Shadow.PreShadowResolutionFactor:1.0]]
[2020.08.22-08.59.49:084][  0]LogConfig: Setting CVar [[r.DistanceFieldShadowing:1]]
[2020.08.22-08.59.49:084][  0]LogConfig: Setting CVar [[r.DistanceFieldAO:1]]
[2020.08.22-08.59.49:084][  0]LogConfig: Setting CVar [[r.AOQuality:2]]
[2020.08.22-08.59.49:084][  0]LogConfig: Setting CVar [[r.VolumetricFog:1]]
[2020.08.22-08.59.49:084][  0]LogConfig: Setting CVar [[r.VolumetricFog.GridPixelSize:8]]
[2020.08.22-08.59.49:084][  0]LogConfig: Setting CVar [[r.VolumetricFog.GridSizeZ:128]]
[2020.08.22-08.59.49:084][  0]LogConfig: Setting CVar [[r.VolumetricFog.HistoryMissSupersampleCount:4]]
[2020.08.22-08.59.49:084][  0]LogConfig: Setting CVar [[r.LightMaxDrawDistanceScale:1]]
[2020.08.22-08.59.49:084][  0]LogConfig: Setting CVar [[r.CapsuleShadows:1]]
[2020.08.22-08.59.49:084][  0]LogConfig: Applying CVar settings from Section [PostProcessQuality@3] File [C:/Users/claud/OneDrive/Documentos/GitHub/Programacion-3/Trabajo2/Saved/Config/Windows/Scalability.ini]
[2020.08.22-08.59.49:084][  0]LogConfig: Setting CVar [[r.MotionBlurQuality:4]]
[2020.08.22-08.59.49:084][  0]LogConfig: Setting CVar [[r.AmbientOcclusionMipLevelFactor:0.4]]
[2020.08.22-08.59.49:085][  0]LogConfig: Setting CVar [[r.AmbientOcclusionMaxQuality:100]]
[2020.08.22-08.59.49:085][  0]LogConfig: Setting CVar [[r.AmbientOcclusionLevels:-1]]
[2020.08.22-08.59.49:085][  0]LogConfig: Setting CVar [[r.AmbientOcclusionRadiusScale:1.0]]
[2020.08.22-08.59.49:085][  0]LogConfig: Setting CVar [[r.DepthOfFieldQuality:2]]
[2020.08.22-08.59.49:085][  0]LogConfig: Setting CVar [[r.RenderTargetPoolMin:400]]
[2020.08.22-08.59.49:085][  0]LogConfig: Setting CVar [[r.LensFlareQuality:2]]
[2020.08.22-08.59.49:085][  0]LogConfig: Setting CVar [[r.SceneColorFringeQuality:1]]
[2020.08.22-08.59.49:085][  0]LogConfig: Setting CVar [[r.EyeAdaptationQuality:2]]
[2020.08.22-08.59.49:085][  0]LogConfig: Setting CVar [[r.BloomQuality:5]]
[2020.08.22-08.59.49:085][  0]LogConfig: Setting CVar [[r.FastBlurThreshold:100]]
[2020.08.22-08.59.49:085][  0]LogConfig: Setting CVar [[r.Upscale.Quality:3]]
[2020.08.22-08.59.49:085][  0]LogConfig: Setting CVar [[r.Tonemapper.GrainQuantization:1]]
[2020.08.22-08.59.49:085][  0]LogConfig: Setting CVar [[r.LightShaftQuality:1]]
[2020.08.22-08.59.49:085][  0]LogConfig: Setting CVar [[r.Filter.SizeScale:1]]
[2020.08.22-08.59.49:085][  0]LogConfig: Setting CVar [[r.Tonemapper.Quality:5]]
[2020.08.22-08.59.49:085][  0]LogConfig: Setting CVar [[r.DOF.Gather.AccumulatorQuality:1        ; higher gathering accumulator quality]]
[2020.08.22-08.59.49:085][  0]LogConfig: Setting CVar [[r.DOF.Gather.PostfilterMethod:1          ; Median3x3 postfilering method]]
[2020.08.22-08.59.49:085][  0]LogConfig: Setting CVar [[r.DOF.Gather.EnableBokehSettings:0       ; no bokeh simulation when gathering]]
[2020.08.22-08.59.49:086][  0]LogConfig: Setting CVar [[r.DOF.Gather.RingCount:4                 ; medium number of samples when gathering]]
[2020.08.22-08.59.49:086][  0]LogConfig: Setting CVar [[r.DOF.Scatter.ForegroundCompositing:1    ; additive foreground scattering]]
[2020.08.22-08.59.49:086][  0]LogConfig: Setting CVar [[r.DOF.Scatter.BackgroundCompositing:2    ; additive background scattering]]
[2020.08.22-08.59.49:086][  0]LogConfig: Setting CVar [[r.DOF.Scatter.EnableBokehSettings:1      ; bokeh simulation when scattering]]
[2020.08.22-08.59.49:086][  0]LogConfig: Setting CVar [[r.DOF.Scatter.MaxSpriteRatio:0.1         ; only a maximum of 10% of scattered bokeh]]
[2020.08.22-08.59.49:086][  0]LogConfig: Setting CVar [[r.DOF.Recombine.Quality:1                ; cheap slight out of focus]]
[2020.08.22-08.59.49:086][  0]LogConfig: Setting CVar [[r.DOF.Recombine.EnableBokehSettings:0    ; no bokeh simulation on slight out of focus]]
[2020.08.22-08.59.49:086][  0]LogConfig: Setting CVar [[r.DOF.TemporalAAQuality:1                ; more stable temporal accumulation]]
[2020.08.22-08.59.49:086][  0]LogConfig: Setting CVar [[r.DOF.Kernel.MaxForegroundRadius:0.025]]
[2020.08.22-08.59.49:086][  0]LogConfig: Setting CVar [[r.DOF.Kernel.MaxBackgroundRadius:0.025]]
[2020.08.22-08.59.49:086][  0]LogConfig: Applying CVar settings from Section [TextureQuality@3] File [C:/Users/claud/OneDrive/Documentos/GitHub/Programacion-3/Trabajo2/Saved/Config/Windows/Scalability.ini]
[2020.08.22-08.59.49:086][  0]LogConfig: Setting CVar [[r.Streaming.MipBias:0]]
[2020.08.22-08.59.49:086][  0]LogConfig: Setting CVar [[r.Streaming.AmortizeCPUToGPUCopy:0]]
[2020.08.22-08.59.49:086][  0]LogConfig: Setting CVar [[r.Streaming.MaxNumTexturesToStreamPerFrame:0]]
[2020.08.22-08.59.49:086][  0]LogConfig: Setting CVar [[r.Streaming.Boost:1]]
[2020.08.22-08.59.49:086][  0]LogConfig: Setting CVar [[r.MaxAnisotropy:8]]
[2020.08.22-08.59.49:087][  0]LogConfig: Setting CVar [[r.VT.MaxAnisotropy:8]]
[2020.08.22-08.59.49:087][  0]LogConfig: Setting CVar [[r.Streaming.LimitPoolSizeToVRAM:0]]
[2020.08.22-08.59.49:087][  0]LogConfig: Setting CVar [[r.Streaming.PoolSize:1000]]
[2020.08.22-08.59.49:087][  0]LogConfig: Setting CVar [[r.Streaming.MaxEffectiveScreenSize:0]]
[2020.08.22-08.59.49:087][  0]LogConfig: Applying CVar settings from Section [EffectsQuality@3] File [C:/Users/claud/OneDrive/Documentos/GitHub/Programacion-3/Trabajo2/Saved/Config/Windows/Scalability.ini]
[2020.08.22-08.59.49:087][  0]LogConfig: Setting CVar [[r.TranslucencyLightingVolumeDim:64]]
[2020.08.22-08.59.49:087][  0]LogConfig: Setting CVar [[r.RefractionQuality:2]]
[2020.08.22-08.59.49:087][  0]LogConfig: Setting CVar [[r.SSR.Quality:3]]
[2020.08.22-08.59.49:087][  0]LogConfig: Setting CVar [[r.SSR.HalfResSceneColor:0]]
[2020.08.22-08.59.49:087][  0]LogConfig: Setting CVar [[r.SceneColorFormat:4]]
[2020.08.22-08.59.49:087][  0]LogConfig: Setting CVar [[r.DetailMode:2]]
[2020.08.22-08.59.49:087][  0]LogConfig: Setting CVar [[r.TranslucencyVolumeBlur:1]]
[2020.08.22-08.59.49:087][  0]LogConfig: Setting CVar [[r.MaterialQualityLevel:1 ; High quality]]
[2020.08.22-08.59.49:087][  0]LogConfig: Setting CVar [[r.SSS.Scale:1]]
[2020.08.22-08.59.49:087][  0]LogConfig: Setting CVar [[r.SSS.SampleSet:2]]
[2020.08.22-08.59.49:087][  0]LogConfig: Setting CVar [[r.SSS.Quality:1]]
[2020.08.22-08.59.49:087][  0]LogConfig: Setting CVar [[r.SSS.HalfRes:0]]
[2020.08.22-08.59.49:087][  0]LogConfig: Setting CVar [[r.SSGI.Quality:3]]
[2020.08.22-08.59.49:088][  0]LogConfig: Setting CVar [[r.EmitterSpawnRateScale:1.0]]
[2020.08.22-08.59.49:088][  0]LogConfig: Setting CVar [[r.ParticleLightQuality:2]]
[2020.08.22-08.59.49:088][  0]LogConfig: Setting CVar [[r.SkyAtmosphere.AerialPerspectiveLUT.FastApplyOnOpaque:1 ; Always have FastSkyLUT 1 in this case to avoid wrong sky]]
[2020.08.22-08.59.49:088][  0]LogConfig: Setting CVar [[r.SkyAtmosphere.AerialPerspectiveLUT.SampleCountPerSlice:1]]
[2020.08.22-08.59.49:088][  0]LogConfig: Setting CVar [[r.SkyAtmosphere.AerialPerspectiveLUT.DepthResolution:16.0]]
[2020.08.22-08.59.49:088][  0]LogConfig: Setting CVar [[r.SkyAtmosphere.FastSkyLUT:1]]
[2020.08.22-08.59.49:088][  0]LogConfig: Setting CVar [[r.SkyAtmosphere.FastSkyLUT.SampleCountMin:4.0]]
[2020.08.22-08.59.49:088][  0]LogConfig: Setting CVar [[r.SkyAtmosphere.FastSkyLUT.SampleCountMax:32.0]]
[2020.08.22-08.59.49:088][  0]LogConfig: Setting CVar [[r.SkyAtmosphere.SampleCountMin:4.0]]
[2020.08.22-08.59.49:088][  0]LogConfig: Setting CVar [[r.SkyAtmosphere.SampleCountMax:32.0]]
[2020.08.22-08.59.49:088][  0]LogConfig: Setting CVar [[r.SkyAtmosphere.TransmittanceLUT.UseSmallFormat:0]]
[2020.08.22-08.59.49:088][  0]LogConfig: Setting CVar [[r.SkyAtmosphere.TransmittanceLUT.SampleCount:10.0]]
[2020.08.22-08.59.49:088][  0]LogConfig: Setting CVar [[r.SkyAtmosphere.MultiScatteringLUT.SampleCount:15.0]]
[2020.08.22-08.59.49:088][  0]LogConfig: Applying CVar settings from Section [FoliageQuality@3] File [C:/Users/claud/OneDrive/Documentos/GitHub/Programacion-3/Trabajo2/Saved/Config/Windows/Scalability.ini]
[2020.08.22-08.59.49:088][  0]LogConfig: Setting CVar [[foliage.DensityScale:1.0]]
[2020.08.22-08.59.49:088][  0]LogConfig: Setting CVar [[grass.DensityScale:1.0]]
[2020.08.22-08.59.49:089][  0]LogConfig: Applying CVar settings from Section [ShadingQuality@3] File [C:/Users/claud/OneDrive/Documentos/GitHub/Programacion-3/Trabajo2/Saved/Config/Windows/Scalability.ini]
[2020.08.22-08.59.49:089][  0]LogConfig: Setting CVar [[r.HairStrands.SkyLighting.SampleCount:16]]
[2020.08.22-08.59.49:089][  0]LogConfig: Setting CVar [[r.HairStrands.SkyLighting.JitterIntegration:0]]
[2020.08.22-08.59.49:089][  0]LogConfig: Setting CVar [[r.HairStrands.SkyAO.SampleCount:16]]
[2020.08.22-08.59.49:089][  0]LogConfig: Setting CVar [[r.HairStrands.DeepShadow.SuperSampling:0]]
[2020.08.22-08.59.49:089][  0]LogConfig: Setting CVar [[r.HairStrands.VisibilityPPLL:0]]
[2020.08.22-08.59.49:089][  0]LogConfig: Setting CVar [[r.HairStrands.RasterizationScale:0.5]]
[2020.08.22-08.59.49:089][  0]LogConfig: Setting CVar [[r.HairStrands.VelocityRasterizationScale:1]]
[2020.08.22-08.59.49:089][  0]LogConfig: Applying CVar settings from Section [Startup] File [../../../Engine/Config/ConsoleVariables.ini]
[2020.08.22-08.59.49:104][  0]LogConfig: Setting CVar [[net.UseAdaptiveNetUpdateFrequency:0]]
[2020.08.22-08.59.49:104][  0]LogConfig: Setting CVar [[p.chaos.AllowCreatePhysxBodies:1]]
[2020.08.22-08.59.49:104][  0]LogConfig: Setting CVar [[fx.SkipVectorVMBackendOptimizations:1]]
[2020.08.22-08.59.49:104][  0]LogConfig: Applying CVar settings from Section [ConsoleVariables] File [C:/Users/claud/OneDrive/Documentos/GitHub/Programacion-3/Trabajo2/Saved/Config/Windows/Engine.ini]
[2020.08.22-08.59.49:144][  0]LogInit: Computer: LAPTOP-7A65BODB
[2020.08.22-08.59.49:144][  0]LogInit: User: claud
[2020.08.22-08.59.49:151][  0]LogInit: CPU Page size=4096, Cores=4
[2020.08.22-08.59.49:151][  0]LogInit: High frequency timer resolution =10.000000 MHz
[2020.08.22-08.59.49:152][  0]LogMemory: Memory total: Physical=7.9GB (8GB approx)
[2020.08.22-08.59.49:165][  0]LogMemory: Platform Memory Stats for Windows
[2020.08.22-08.59.49:165][  0]LogMemory: Process Physical Memory: 113.73 MB used, 113.73 MB peak
[2020.08.22-08.59.49:165][  0]LogMemory: Process Virtual Memory: 96.27 MB used, 96.27 MB peak
[2020.08.22-08.59.49:165][  0]LogMemory: Physical Memory: 6095.68 MB used,  1976.56 MB free, 8072.24 MB total
[2020.08.22-08.59.49:165][  0]LogMemory: Virtual Memory: 5144.18 MB used,  134212584.00 MB free, 134217728.00 MB total
[2020.08.22-08.59.49:180][  0]LogWindows: WindowsPlatformFeatures enabled
[2020.08.22-08.59.50:071][  0]LogInit: Physics initialised using underlying interface: PhysX
[2020.08.22-08.59.50:102][  0]LogInit: Overriding language with editor language configuration option (en).
[2020.08.22-08.59.50:102][  0]LogInit: Overriding locale with editor culture configuration option ().
[2020.08.22-08.59.50:102][  0]LogInit: Using OS detected locale (es-CL).
[2020.08.22-08.59.50:875][  0]LogInit: Setting process to per monitor DPI aware
[2020.08.22-08.59.51:948][  0]LogSlate: New Slate User Created.  User Index 0, Is Virtual User: 0
[2020.08.22-08.59.51:948][  0]LogSlate: Slate User Registered.  User Index 0, Is Virtual User: 0
[2020.08.22-08.59.53:963][  0]LogHMD: Failed to initialize OpenVR with code 110
[2020.08.22-08.59.53:963][  0]LogD3D11RHI: D3D11 min allowed feature level: 11_0
[2020.08.22-08.59.53:963][  0]LogD3D11RHI: D3D11 max allowed feature level: 11_0
[2020.08.22-08.59.53:963][  0]LogD3D11RHI: D3D11 adapters:
[2020.08.22-08.59.54:133][  0]LogD3D11RHI:    0. 'NVIDIA GeForce GTX 1650' (Feature Level 11_0)
[2020.08.22-08.59.54:133][  0]LogD3D11RHI:       3962/0/4036 MB DedicatedVideo/DedicatedSystem/SharedSystem, Outputs:1, VendorId:0x10de
[2020.08.22-08.59.54:157][  0]LogD3D11RHI:    1. 'Intel(R) UHD Graphics 630' (Feature Level 11_0)
[2020.08.22-08.59.54:157][  0]LogD3D11RHI:       128/0/4036 MB DedicatedVideo/DedicatedSystem/SharedSystem, Outputs:0, VendorId:0x8086
[2020.08.22-08.59.54:161][  0]LogD3D11RHI:    2. 'Microsoft Basic Render Driver' (Feature Level 11_0)
[2020.08.22-08.59.54:161][  0]LogD3D11RHI:       0/0/4036 MB DedicatedVideo/DedicatedSystem/SharedSystem, Outputs:0, VendorId:0x1414
[2020.08.22-08.59.54:161][  0]LogD3D11RHI: Chosen D3D11 Adapter: 0
[2020.08.22-08.59.54:237][  0]LogD3D11RHI: Creating new Direct3DDevice
[2020.08.22-08.59.54:237][  0]LogD3D11RHI:     GPU DeviceId: 0x1f91 (for the marketing name, search the web for "GPU Device Id")
[2020.08.22-08.59.54:237][  0]LogWindows: EnumDisplayDevices:
[2020.08.22-08.59.54:238][  0]LogWindows:    0. 'Intel(R) UHD Graphics 630' (P:1 D:1)
[2020.08.22-08.59.54:238][  0]LogWindows:    1. 'Intel(R) UHD Graphics 630' (P:0 D:0)
[2020.08.22-08.59.54:238][  0]LogWindows:    2. 'Intel(R) UHD Graphics 630' (P:0 D:0)
[2020.08.22-08.59.54:238][  0]LogWindows:    3. 'NVIDIA GeForce GTX 1650' (P:0 D:0)
[2020.08.22-08.59.54:238][  0]LogWindows:    4. 'NVIDIA GeForce GTX 1650' (P:0 D:0)
[2020.08.22-08.59.54:239][  0]LogWindows:    5. 'NVIDIA GeForce GTX 1650' (P:0 D:0)
[2020.08.22-08.59.54:239][  0]LogWindows:    6. 'NVIDIA GeForce GTX 1650' (P:0 D:0)
[2020.08.22-08.59.54:239][  0]LogWindows: DebugString: PrimaryIsNotTheChoosenAdapter PrimaryIsNotTheChoosenAdapter PrimaryIsNotTheChoosenAdapter FoundDriverCount:4 
[2020.08.22-08.59.54:239][  0]LogD3D11RHI:     Adapter Name: NVIDIA GeForce GTX 1650
[2020.08.22-08.59.54:239][  0]LogD3D11RHI:   Driver Version: 451.67 (internal:27.21.14.5167, unified:451.67)
[2020.08.22-08.59.54:239][  0]LogD3D11RHI:      Driver Date: 7-5-2020
[2020.08.22-08.59.54:241][  0]LogRHI: Texture pool is 2773 MB (70% of 3962 MB)
[2020.08.22-08.59.54:294][  0]LogD3D11RHI: RHI has support for 64 bit atomics
[2020.08.22-08.59.54:325][  0]LogD3D11RHI: [Aftermath] Enabled and primed
[2020.08.22-08.59.54:325][  0]LogD3D11RHI: Async texture creation enabled
[2020.08.22-08.59.54:325][  0]LogD3D11RHI: Array index from any shader is supported
[2020.08.22-08.59.55:082][  0]LogD3D11RHI: GPU Timing Frequency: 1000.000000 (Debug: 2 1)
[2020.08.22-08.59.56:051][  0]LogTargetPlatformManager: Display: Loaded TargetPlatform 'AllDesktop'
[2020.08.22-08.59.56:168][  0]LogTargetPlatformManager: Display: Loaded TargetPlatform 'Android'
[2020.08.22-08.59.56:168][  0]LogTargetPlatformManager: Display: Loaded TargetPlatform 'Android_ASTC'
[2020.08.22-08.59.56:168][  0]LogTargetPlatformManager: Display: Loaded TargetPlatform 'Android_DXT'
[2020.08.22-08.59.56:168][  0]LogTargetPlatformManager: Display: Loaded TargetPlatform 'Android_ETC2'
[2020.08.22-08.59.56:168][  0]LogTargetPlatformManager: Display: Loaded TargetPlatform 'AndroidClient'
[2020.08.22-08.59.56:168][  0]LogTargetPlatformManager: Display: Loaded TargetPlatform 'Android_ASTCClient'
[2020.08.22-08.59.56:168][  0]LogTargetPlatformManager: Display: Loaded TargetPlatform 'Android_DXTClient'
[2020.08.22-08.59.56:168][  0]LogTargetPlatformManager: Display: Loaded TargetPlatform 'Android_ETC2Client'
[2020.08.22-08.59.56:168][  0]LogTargetPlatformManager: Display: Loaded TargetPlatform 'Android_Multi'
[2020.08.22-08.59.56:168][  0]LogTargetPlatformManager: Display: Loaded TargetPlatform 'Android_MultiClient'
[2020.08.22-08.59.56:275][  0]LogTargetPlatformManager: Display: Loaded TargetPlatform 'IOSClient'
[2020.08.22-08.59.56:275][  0]LogTargetPlatformManager: Display: Loaded TargetPlatform 'IOS'
[2020.08.22-08.59.56:316][  0]LogTargetPlatformManager: Display: Loaded TargetPlatform 'Linux'
[2020.08.22-08.59.56:358][  0]LogTargetPlatformManager: Display: Loaded TargetPlatform 'LinuxNoEditor'
[2020.08.22-08.59.56:406][  0]LogTargetPlatformManager: Display: Loaded TargetPlatform 'LinuxClient'
[2020.08.22-08.59.56:442][  0]LogTargetPlatformManager: Display: Loaded TargetPlatform 'LinuxServer'
[2020.08.22-08.59.56:470][  0]LogTargetPlatformManager: Display: Loaded TargetPlatform 'LinuxAArch64NoEditor'
[2020.08.22-08.59.56:595][  0]LogTargetPlatformManager: Display: Loaded TargetPlatform 'LinuxAArch64Client'
[2020.08.22-08.59.56:629][  0]LogTargetPlatformManager: Display: Loaded TargetPlatform 'LinuxAArch64Server'
[2020.08.22-08.59.56:731][  0]LogTargetPlatformManager: Display: Loaded TargetPlatform 'Lumin'
[2020.08.22-08.59.56:731][  0]LogTargetPlatformManager: Display: Loaded TargetPlatform 'LuminClient'
[2020.08.22-08.59.56:773][  0]LogTargetPlatformManager: Display: Loaded TargetPlatform 'TVOSClient'
[2020.08.22-08.59.56:773][  0]LogTargetPlatformManager: Display: Loaded TargetPlatform 'TVOS'
[2020.08.22-08.59.56:806][  0]LogTargetPlatformManager: Display: Loaded TargetPlatform 'WindowsNoEditor'
[2020.08.22-08.59.56:858][  0]LogTargetPlatformManager: Display: Loaded TargetPlatform 'Windows'
[2020.08.22-08.59.56:897][  0]LogTargetPlatformManager: Display: Loaded TargetPlatform 'WindowsClient'
[2020.08.22-08.59.56:931][  0]LogTargetPlatformManager: Display: Loaded TargetPlatform 'WindowsServer'
[2020.08.22-08.59.56:931][  0]LogTargetPlatformManager: Display: Building Assets For Windows
[2020.08.22-08.59.57:113][  0]LogAudioDebug: Display: Lib vorbis DLL was dynamically loaded.
[2020.08.22-08.59.57:835][  0]LogShaderCompilers: Guid format shader working directory is -19 characters bigger than the processId version (C:/Users/claud/OneDrive/Documentos/GitHub/Programacion-3/Trabajo2/Intermediate/Shaders/WorkingDirectory/4788/).
[2020.08.22-08.59.57:836][  0]LogShaderCompilers: Cleaned the shader compiler working directory 'C:/Users/claud/AppData/Local/Temp/UnrealShaderWorkingDir/FB522A324C59339A8C6037B91A2A0EBB/'.
[2020.08.22-08.59.57:910][  0]LogXGEController: Cleaning working directory: C:/Users/claud/AppData/Local/Temp/UnrealXGEWorkingDir/
[2020.08.22-08.59.57:911][  0]LogXGEController: Cannot use XGE Controller as Incredibuild is not installed on this machine.
[2020.08.22-08.59.57:911][  0]LogShaderCompilers: Cannot use XGE Shader Compiler as Incredibuild is not installed on this machine.
[2020.08.22-08.59.57:911][  0]LogShaderCompilers: Display: Using Local Shader Compiler.
[2020.08.22-09.00.00:485][  0]LogDerivedDataCache: Display: Max Cache Size: 512 MB
[2020.08.22-09.00.00:704][  0]LogDerivedDataCache: Loaded boot cache 0.15s 76MB C:/Users/claud/AppData/Local/UnrealEngine/4.25/DerivedDataCache/Boot.ddc.
[2020.08.22-09.00.00:704][  0]LogDerivedDataCache: Display: Loaded Boot cache: C:/Users/claud/AppData/Local/UnrealEngine/4.25/DerivedDataCache/Boot.ddc
[2020.08.22-09.00.00:704][  0]LogDerivedDataCache: FDerivedDataBackendGraph:  Pak pak cache file C:/Users/claud/OneDrive/Documentos/GitHub/Programacion-3/Trabajo2/DerivedDataCache/DDC.ddp not found, will not use a pak cache.
[2020.08.22-09.00.00:704][  0]LogDerivedDataCache: Unable to find inner node Pak for hierarchical cache Hierarchy.
[2020.08.22-09.00.00:704][  0]LogDerivedDataCache: FDerivedDataBackendGraph:  CompressedPak pak cache file C:/Users/claud/OneDrive/Documentos/GitHub/Programacion-3/Trabajo2/DerivedDataCache/Compressed.ddp not found, will not use a pak cache.
[2020.08.22-09.00.00:704][  0]LogDerivedDataCache: Unable to find inner node CompressedPak for hierarchical cache Hierarchy.
[2020.08.22-09.00.00:813][  0]LogDerivedDataCache: Display: Pak cache opened for reading ../../../Engine/DerivedDataCache/Compressed.ddp.
[2020.08.22-09.00.00:813][  0]LogDerivedDataCache: FDerivedDataBackendGraph:  EnterprisePak pak cache file ../../../Enterprise/DerivedDataCache/Compressed.ddp not found, will not use a pak cache.
[2020.08.22-09.00.00:813][  0]LogDerivedDataCache: Unable to find inner node EnterprisePak for hierarchical cache Hierarchy.
[2020.08.22-09.00.00:856][  0]LogDerivedDataCache: Using Local data cache path C:/Users/claud/AppData/Local/UnrealEngine/Common/DerivedDataCache: Writable
[2020.08.22-09.00.00:856][  0]LogDerivedDataCache: Shared data cache path not found in *engine.ini, will not use an Shared cache.
[2020.08.22-09.00.00:856][  0]LogDerivedDataCache: Unable to find inner node Shared for hierarchical cache Hierarchy.
[2020.08.22-09.00.01:107][  0]LogSlate: Using FreeType 2.10.0
[2020.08.22-09.00.01:235][  0]LogSlate: SlateFontServices - WITH_FREETYPE: 1, WITH_HARFBUZZ: 1
[2020.08.22-09.00.02:065][  0]LogAssetRegistry: FAssetRegistry took 0.0187 seconds to start up
[2020.08.22-09.00.11:380][  0]LogInit: Selected Device Profile: [Windows]
[2020.08.22-09.00.13:168][  0]LogMeshReduction: Using QuadricMeshReduction for automatic static mesh reduction
[2020.08.22-09.00.13:168][  0]LogMeshReduction: Using SimplygonMeshReduction for automatic skeletal mesh reduction
[2020.08.22-09.00.13:168][  0]LogMeshReduction: Using ProxyLODMeshReduction for automatic mesh merging
[2020.08.22-09.00.13:168][  0]LogMeshReduction: No distributed automatic mesh merging module available
[2020.08.22-09.00.13:168][  0]LogMeshMerging: No distributed automatic mesh merging module available
[2020.08.22-09.00.13:607][  0]LogNetVersion: Trabajo2 1.0.0, NetCL: 13144385, EngineNetVer: 14, GameNetVer: 0 (Checksum: 83275636)
[2020.08.22-09.00.22:397][  0]LogAISub: UAISubsystem::UAISubsystem AISubsystem (00000224D354E9C0), frame # 0
[2020.08.22-09.00.22:397][  0]LogAISub: UAISubsystem::UAISubsystem AIPerceptionSystem (00000224D33EFB00), frame # 0
[2020.08.22-09.00.22:404][  0]LogAISub: UAISubsystem::UAISubsystem EnvQueryManager (00000224D3449C00), frame # 0
[2020.08.22-09.00.23:322][  0]LogPackageLocalizationCache: Processed 19 localized package path(s) for 1 prioritized culture(s) in 0.355906 seconds
[2020.08.22-09.00.23:399][  0]LogUObjectArray: 15917 objects as part of root set at end of initial load.
[2020.08.22-09.00.23:411][  0]LogUObjectAllocator: 3965568 out of 0 bytes used by permanent object pool.
[2020.08.22-09.00.23:411][  0]LogUObjectArray: CloseDisregardForGC: 0/0 objects in disregard for GC pool
[2020.08.22-09.00.29:793][  0]LogTcpMessaging: Initializing TcpMessaging bridge
[2020.08.22-09.00.29:821][  0]LogUdpMessaging: Initializing bridge on interface 0.0.0.0:0 to multicast group 230.0.0.1:6666.
[2020.08.22-09.00.30:775][  0]SourceControl: Source control is disabled
[2020.08.22-09.00.30:776][  0]SourceControl: Source control is disabled
[2020.08.22-09.00.30:844][  0]SourceControl: Source control is disabled
[2020.08.22-09.00.30:884][  0]SourceControl: Source control is disabled
[2020.08.22-09.00.30:953][  0]SourceControl: Source control is disabled
[2020.08.22-09.00.33:980][  0]LogAndroidPermission: UAndroidPermissionCallbackProxy::GetInstance
[2020.08.22-09.00.34:092][  0]LogAudioCaptureCore: Display: No Audio Capture implementations found. Audio input will be silent.
[2020.08.22-09.00.34:092][  0]LogAudioCaptureCore: Display: No Audio Capture implementations found. Audio input will be silent.
[2020.08.22-09.00.34:453][  0]LogOcInput: OculusInput pre-init called
[2020.08.22-09.00.34:525][  0]LogWindows: Failed to load 'OVRPlugin.dll' (GetLastError=126)
[2020.08.22-09.00.34:525][  0]LogWindows: File 'OVRPlugin.dll' does not exist
[2020.08.22-09.00.37:080][  0]LogEngine: Initializing Engine...
[2020.08.22-09.00.37:188][  0]LogHMD: Failed to initialize OpenVR with code 110
[2020.08.22-09.00.37:208][  0]LogMagicLeap: Warning: VR disabled because ZI is not enabled.  To enable, in the editor, Edit -> Project Settings -> Plugins -> Magic Leap Plugin -> Enable Zero Iteration
[2020.08.22-09.00.37:269][  0]LogStats: UGameplayTagsManager::InitializeManager -  0.018 s
[2020.08.22-09.00.37:873][  0]LogInit: Initializing FReadOnlyCVARCache
[2020.08.22-09.00.38:646][  0]LogAIModule: Creating AISystem for world Untitled
[2020.08.22-09.00.38:646][  0]LogAISub: UAISubsystem::UAISubsystem EnvQueryManager (00000224D598FC00), frame # 0
[2020.08.22-09.00.38:647][  0]LogAISub: UAISubsystem::UAISubsystem AIPerceptionSystem (00000224D59C6C00), frame # 0
[2020.08.22-09.00.38:944][  0]LogAudioMixer: Display: Audio Mixer Platform Settings:
[2020.08.22-09.00.38:944][  0]LogAudioMixer: Display: 	Sample Rate:						  48000
[2020.08.22-09.00.38:944][  0]LogAudioMixer: Display: 	Callback Buffer Frame Size Requested: 1024
[2020.08.22-09.00.38:944][  0]LogAudioMixer: Display: 	Callback Buffer Frame Size To Use:	  1024
[2020.08.22-09.00.38:944][  0]LogAudioMixer: Display: 	Number of buffers to queue:			  2
[2020.08.22-09.00.38:944][  0]LogAudioMixer: Display: 	Max Channels (voices):				  32
[2020.08.22-09.00.38:944][  0]LogAudioMixer: Display: 	Number of Async Source Workers:		  0
[2020.08.22-09.00.38:944][  0]LogAudio: Display: AudioDevice MaxSources: 32
[2020.08.22-09.00.38:948][  0]LogAudio: Display: Using built-in audio occlusion.
[2020.08.22-09.00.38:948][  0]LogAudioMixer: Display: Initializing audio mixer.
[2020.08.22-09.00.39:079][  0]LogAudioMixer: Display: 0: FrontLeft
[2020.08.22-09.00.39:079][  0]LogAudioMixer: Display: 1: FrontRight
[2020.08.22-09.00.39:133][  0]LogAudioMixer: Display: Using Audio Device Altavoces (Realtek(R) Audio)
[2020.08.22-09.00.39:141][  0]LogAudioMixer: Display: Initializing Sound Submixes...
[2020.08.22-09.00.39:149][  0]LogAudioMixer: Display: Creating Master Submix 'MasterSubmixDefault'
[2020.08.22-09.00.39:149][  0]LogAudioMixer: Display: Creating Master Submix 'MasterReverbSubmixDefault'
[2020.08.22-09.00.39:151][  0]LogAudioMixer: Display: Creating Master Submix 'MasterEQSubmixDefault'
[2020.08.22-09.00.39:153][  0]LogInit: FAudioDevice initialized.
[2020.08.22-09.00.39:171][  0]LogNetVersion: Set ProjectVersion to 1.0.0.0. Version Checksum will be recalculated on next use.
[2020.08.22-09.00.39:338][  0]LogDerivedDataCache: Saved boot cache 0.17s 76MB C:/Users/claud/AppData/Local/UnrealEngine/4.25/DerivedDataCache/Boot.ddc.
[2020.08.22-09.00.39:339][  0]LogInit: Texture streaming: Enabled
[2020.08.22-09.00.39:677][  0]LogEngineSessionManager: EngineSessionManager initialized
[2020.08.22-09.00.39:678][  0]LogEngineSessionManager: EngineSessionManager sent abnormal shutdown report. Type=AbnormalShutdown, SessionId={90D34B33-4970-CE2D-87B7-95985484A396}
[2020.08.22-09.00.39:678][  0]LogEditorSessionSummary: Verbose: Initializing EditorSessionSummaryWriter for editor session tracking
[2020.08.22-09.00.39:720][  0]LogEditorSessionSummary: EditorSessionSummaryWriter initialized
[2020.08.22-09.00.40:164][  0]LogInit: Transaction tracking system initialized
[2020.08.22-09.00.40:632][  0]BlueprintLog: New page: Editor Load
[2020.08.22-09.00.42:160][  0]LocalizationService: Localization service is disabled
[2020.08.22-09.00.46:195][  0]LogFileCache: Scanning file cache for directory 'C:/Users/claud/OneDrive/Documentos/GitHub/Programacion-3/Trabajo2/Content/' took 0.07s
[2020.08.22-09.00.46:195][  0]LogCook: Display: Max memory allowance for cook 16384mb min free memory 0mb
[2020.08.22-09.00.46:196][  0]LogCook: Display: Mobile HDR setting 1
[2020.08.22-09.00.53:077][  0]SourceControl: Source control is disabled
[2020.08.22-09.00.53:098][  0]LogUnrealEdMisc: Loading editor; pre map load, took 111.239
[2020.08.22-09.00.53:188][  0]Cmd: MAP LOAD FILE="C:/Users/claud/OneDrive/Documentos/GitHub/Programacion-3/Trabajo2/Content/ThirdPersonBP/Maps/ThirdPersonExampleMap.umap" TEMPLATE=0 SHOWPROGRESS=1 FEATURELEVEL=3
[2020.08.22-09.00.53:241][  0]LightingResults: New page: Lighting Build
[2020.08.22-09.00.53:507][  0]LogWorld: UWorld::CleanupWorld for Untitled, bSessionEnded=true, bCleanupResources=true
[2020.08.22-09.00.53:614][  0]LogSlate: InvalidateAllWidgets triggered.  All widgets were invalidated
[2020.08.22-09.00.53:706][  0]MapCheck: New page: Map Check
[2020.08.22-09.00.53:707][  0]LightingResults: New page: Lighting Build
[2020.08.22-09.00.54:914][  0]LogAISub: UAISubsystem::~UAISubsystem EnvQueryManager (00000224D598FC00), frame # 0
[2020.08.22-09.00.54:914][  0]LogAISub: UAISubsystem::~UAISubsystem AIPerceptionSystem (00000224D59C6C00), frame # 0
[2020.08.22-09.00.54:918][  0]LogUObjectHash: Compacting FUObjectHashTables data took   0.76ms
[2020.08.22-09.00.57:206][  0]LogAIModule: Creating AISystem for world ThirdPersonExampleMap
[2020.08.22-09.00.57:206][  0]LogAISub: UAISubsystem::UAISubsystem EnvQueryManager (00000224C5FC3E00), frame # 0
[2020.08.22-09.00.57:206][  0]LogAISub: UAISubsystem::UAISubsystem AIPerceptionSystem (00000224C5FBFB00), frame # 0
[2020.08.22-09.00.57:754][  0]LogEditorServer: Finished looking for orphan Actors (0.000 secs)
[2020.08.22-09.00.57:903][  0]LogUObjectHash: Compacting FUObjectHashTables data took   0.94ms
[2020.08.22-09.00.57:920][  0]Cmd: MAP CHECKDEP NOCLEARLOG
[2020.08.22-09.00.57:924][  0]MapCheck: Map check complete: 0 Error(s), 0 Warning(s), took 3,546ms to complete.
[2020.08.22-09.00.57:924][  0]LogFileHelpers: Loading map 'ThirdPersonExampleMap' took 4.807
[2020.08.22-09.00.59:993][  0]LogUnrealEdMisc: Total Editor Startup Time, took 118.134
[2020.08.22-09.01.01:981][  0]LogSlate: Updating window title bar state: overlay mode, drag disabled, window buttons hidden, title bar hidden
[2020.08.22-09.01.01:999][  0]LogSlate: Updating window title bar state: overlay mode, drag disabled, window buttons hidden, title bar hidden
[2020.08.22-09.01.02:011][  0]LogSlate: Updating window title bar state: overlay mode, drag disabled, window buttons hidden, title bar hidden
[2020.08.22-09.01.02:023][  0]LogSlate: Updating window title bar state: overlay mode, drag disabled, window buttons hidden, title bar hidden
[2020.08.22-09.01.02:205][  0]LogCollectionManager: Loaded 0 collections in 0.001796 seconds
[2020.08.22-09.01.02:435][  0]LogFileCache: Scanning file cache for directory 'C:/Users/claud/OneDrive/Documentos/GitHub/Programacion-3/Trabajo2/Saved/Collections/' took 0.00s
[2020.08.22-09.01.02:435][  0]LogFileCache: Scanning file cache for directory 'C:/Users/claud/OneDrive/Documentos/GitHub/Programacion-3/Trabajo2/Content/Developers/claud/Collections/' took 0.00s
[2020.08.22-09.01.02:435][  0]LogFileCache: Scanning file cache for directory 'C:/Users/claud/OneDrive/Documentos/GitHub/Programacion-3/Trabajo2/Content/Collections/' took 0.00s
[2020.08.22-09.01.02:435][  0]LogContentBrowser: Native class hierarchy populated in 0.0089 seconds. Added 3427 classes and 821 folders.
[2020.08.22-09.01.02:672][  0]LogContentBrowser: Native class hierarchy updated for 'WidgetCarousel' in 0.0004 seconds. Added 0 classes and 0 folders.
[2020.08.22-09.01.07:470][  0]LogContentBrowser: Native class hierarchy updated for 'AddContentDialog' in 0.0005 seconds. Added 0 classes and 0 folders.
[2020.08.22-09.01.07:640][  0]LogContentBrowser: Native class hierarchy updated for 'SceneOutliner' in 0.0101 seconds. Added 2 classes and 0 folders.
[2020.08.22-09.01.09:457][  0]LogSlate: Took 0.033724 seconds to synchronously load lazily loaded font '../../../Engine/Content/Slate/Fonts/Roboto-Regular.ttf' (155K)
[2020.08.22-09.01.09:503][  0]LogSlate: Took 0.018736 seconds to synchronously load lazily loaded font '../../../Engine/Content/Slate/Fonts/Roboto-Bold.ttf' (160K)
[2020.08.22-09.01.09:634][  0]LogSlate: Took 0.034607 seconds to synchronously load lazily loaded font '../../../Engine/Content/Editor/Slate/Fonts/FontAwesome.ttf' (139K)
[2020.08.22-09.01.10:585][  0]LogRenderer: Reallocating scene render targets to support 892x436 Format 10 NumSamples 1 (Frame:1).
[2020.08.22-09.01.11:598][  0]LogContentBrowser: Native class hierarchy updated for 'HierarchicalLODOutliner' in 0.0003 seconds. Added 0 classes and 0 folders.
[2020.08.22-09.01.11:598][  0]LogLoad: (Engine Initialization) Total time: 129.74 seconds
[2020.08.22-09.01.11:598][  0]LogLoad: (Engine Initialization) Total Blueprint compile time: 0.00 seconds
[2020.08.22-09.01.12:250][  0]LogContentStreaming: Texture pool size now 1000 MB
[2020.08.22-09.01.12:540][  0]LogSlate: Took 0.013034 seconds to synchronously load lazily loaded font '../../../Engine/Content/Slate/Fonts/Roboto-Light.ttf' (167K)
[2020.08.22-09.01.13:324][  2]LogAssetRegistry: Asset discovery search completed in 71.2731 seconds
[2020.08.22-09.01.13:329][  2]LogCollectionManager: Fixed up redirectors for 0 collections in 0.000224 seconds (updated 0 objects)
[2020.08.22-09.01.13:389][  2]LogSlate: Took 0.000127 seconds to synchronously load lazily loaded font '../../../Engine/Content/Slate/Fonts/Roboto-Light.ttf' (167K)
[2020.08.22-09.01.18:330][235]LogAssetEditorSubsystem: Opening Asset editor for Blueprint /Game/ThirdPersonBP/Manager/Clase_GameMode.Clase_GameMode
[2020.08.22-09.01.19:988][235]LogContentBrowser: Native class hierarchy updated for 'BlueprintGraph' in 0.0012 seconds. Added 125 classes and 0 folders.
[2020.08.22-09.01.23:109][235]LogAssetEditorSubsystem: Opening Asset editor for Blueprint /Game/ThirdPersonBP/PlayerCharacter/Model/ObjectTo.ObjectTo
[2020.08.22-09.01.23:458][235]LogAssetEditorSubsystem: Opening Asset editor for Blueprint /Game/ThirdPersonBP/PlayerCharacter/Model/Clase_ThirdPersonCharacter1.Clase_ThirdPersonCharacter1
[2020.08.22-09.01.24:090][235]LogSlate: Took 0.026675 seconds to synchronously load lazily loaded font '../../../Engine/Content/Slate/Fonts/Roboto-BoldCondensed.ttf' (158K)
[2020.08.22-09.01.24:698][236]LogSlate: Took 0.024366 seconds to synchronously load lazily loaded font '../../../Engine/Content/Slate/Fonts/Roboto-Italic.ttf' (157K)
[2020.08.22-09.01.32:672][540]LogSlate: Window 'Clase_GameMode' being destroyed
[2020.08.22-09.03.11:755][205]LogRenderer: Reallocating scene render targets to support 1272x536 Format 10 NumSamples 1 (Frame:1).
[2020.08.22-09.03.40:825][605]LogEditorTransaction: Undo Modify Component Scale
[2020.08.22-09.04.19:138][668]LogSavePackage: Moving 'C:/Users/claud/OneDrive/Documentos/GitHub/Programacion-3/Trabajo2/Saved/ObjectTo0F15D7B844CDC0C4811291A23B313EE5.tmp' to 'C:/Users/claud/OneDrive/Documentos/GitHub/Programacion-3/Trabajo2/Content/ThirdPersonBP/PlayerCharacter/Model/ObjectTo.uasset'
[2020.08.22-09.04.19:248][668]AssetCheck: New page: Asset Save: ObjectTo
[2020.08.22-09.04.19:248][668]LogContentValidation: Display: Validating Blueprint /Game/ThirdPersonBP/PlayerCharacter/Model/ObjectTo.ObjectTo
[2020.08.22-09.04.24:445][945]LogEditorViewport: Clicking on Actor (LMB): ObjectTo_C (ObjectTo)
[2020.08.22-09.04.39:484][808]BlueprintLog: New page: Compile ObjectTo
[2020.08.22-09.04.39:790][808]LogUObjectHash: Compacting FUObjectHashTables data took   1.74ms
[2020.08.22-09.04.39:960][808]LogSlate: Took 0.026462 seconds to synchronously load lazily loaded font '../../../Engine/Content/Slate/Fonts/DroidSansMono.ttf' (77K)
[2020.08.22-09.04.40:510][832]LogSavePackage: Moving 'C:/Users/claud/OneDrive/Documentos/GitHub/Programacion-3/Trabajo2/Saved/ObjectToB01D91CC412E96719330F0A573124F79.tmp' to 'C:/Users/claud/OneDrive/Documentos/GitHub/Programacion-3/Trabajo2/Content/ThirdPersonBP/PlayerCharacter/Model/ObjectTo.uasset'
[2020.08.22-09.04.40:521][832]AssetCheck: New page: Asset Save: ObjectTo
[2020.08.22-09.04.40:521][832]LogContentValidation: Display: Validating Blueprint /Game/ThirdPersonBP/PlayerCharacter/Model/ObjectTo.ObjectTo
[2020.08.22-09.04.47:202][197]LogTemp: Repeating last play command: Selected Viewport
[2020.08.22-09.04.47:452][197]LogPlayLevel: PlayLevel: No blueprints needed recompiling
[2020.08.22-09.04.47:576][197]PIE: New page: PIE session: ThirdPersonExampleMap (22-08-2020 01:04:47)
[2020.08.22-09.04.47:652][197]LogOnline: OSS: Creating online subsystem instance for: NULL
[2020.08.22-09.04.47:654][197]LogOnline: OSS: TryLoadSubsystemAndSetDefault: Loaded subsystem for module [NULL]
[2020.08.22-09.04.47:669][197]LogPlayLevel: Creating play world package: /Game/ThirdPersonBP/Maps/UEDPIE_0_ThirdPersonExampleMap
[2020.08.22-09.04.47:713][197]LogPlayLevel: PIE: StaticDuplicateObject took: (0.043851s)
[2020.08.22-09.04.47:725][197]LogAIModule: Creating AISystem for world ThirdPersonExampleMap
[2020.08.22-09.04.47:725][197]LogAISub: UAISubsystem::UAISubsystem EnvQueryManager (0000022527E4A600), frame # 11197
[2020.08.22-09.04.47:725][197]LogAISub: UAISubsystem::UAISubsystem AIPerceptionSystem (0000022519CE0180), frame # 11197
[2020.08.22-09.04.47:725][197]LogPlayLevel: PIE: World Init took: (0.012145s)
[2020.08.22-09.04.47:726][197]LogPlayLevel: PIE: Created PIE world by copying editor world from /Game/ThirdPersonBP/Maps/ThirdPersonExampleMap.ThirdPersonExampleMap to /Game/ThirdPersonBP/Maps/UEDPIE_0_ThirdPersonExampleMap.ThirdPersonExampleMap (0.056200s)
[2020.08.22-09.04.47:751][197]LogUObjectHash: Compacting FUObjectHashTables data took   1.83ms
[2020.08.22-09.04.47:770][197]LogAudioMixer: Display: Audio Mixer Platform Settings:
[2020.08.22-09.04.47:770][197]LogAudioMixer: Display: 	Sample Rate:						  48000
[2020.08.22-09.04.47:770][197]LogAudioMixer: Display: 	Callback Buffer Frame Size Requested: 1024
[2020.08.22-09.04.47:770][197]LogAudioMixer: Display: 	Callback Buffer Frame Size To Use:	  1024
[2020.08.22-09.04.47:771][197]LogAudioMixer: Display: 	Number of buffers to queue:			  2
[2020.08.22-09.04.47:771][197]LogAudioMixer: Display: 	Max Channels (voices):				  32
[2020.08.22-09.04.47:771][197]LogAudioMixer: Display: 	Number of Async Source Workers:		  0
[2020.08.22-09.04.47:771][197]LogAudio: Display: AudioDevice MaxSources: 32
[2020.08.22-09.04.47:771][197]LogAudio: Display: Using built-in audio occlusion.
[2020.08.22-09.04.47:771][197]LogAudioMixer: Display: Initializing audio mixer.
[2020.08.22-09.04.47:777][197]LogAudioMixer: Display: 0: FrontLeft
[2020.08.22-09.04.47:778][197]LogAudioMixer: Display: 1: FrontRight
[2020.08.22-09.04.47:807][197]LogAudioMixer: Display: Using Audio Device Altavoces (Realtek(R) Audio)
[2020.08.22-09.04.47:808][197]LogAudioMixer: Display: Initializing Sound Submixes...
[2020.08.22-09.04.47:808][197]LogAudioMixer: Display: Creating Master Submix 'MasterSubmixDefault'
[2020.08.22-09.04.47:808][197]LogAudioMixer: Display: Creating Master Submix 'MasterReverbSubmixDefault'
[2020.08.22-09.04.47:809][197]LogAudioMixer: Display: Creating Master Submix 'MasterEQSubmixDefault'
[2020.08.22-09.04.47:824][197]LogInit: FAudioDevice initialized.
[2020.08.22-09.04.47:869][197]LogLoad: Game class is 'Clase_GameMode_C'
[2020.08.22-09.04.47:967][197]LogWorld: Bringing World /Game/ThirdPersonBP/Maps/UEDPIE_0_ThirdPersonExampleMap.ThirdPersonExampleMap up for play (max tick rate 60) at 2020.08.22-05.04.47
[2020.08.22-09.04.48:006][197]LogWorld: Bringing up level for play took: 0.039378
[2020.08.22-09.04.48:023][197]LogOnline: OSS: Creating online subsystem instance for: :Context_10
[2020.08.22-09.04.48:230][197]LogContentBrowser: Native class hierarchy updated for 'MovieSceneCapture' in 0.0004 seconds. Added 20 classes and 0 folders.
[2020.08.22-09.04.48:314][197]PIE: Server logged in
[2020.08.22-09.04.48:316][197]PIE: Play in editor total start time 1,094 seconds.
[2020.08.22-09.05.06:516][936]LogSlate: Updating window title bar state: overlay mode, drag disabled, window buttons hidden, title bar hidden
[2020.08.22-09.05.06:516][936]LogWorld: BeginTearingDown for /Game/ThirdPersonBP/Maps/UEDPIE_0_ThirdPersonExampleMap
[2020.08.22-09.05.06:573][936]LogWorld: UWorld::CleanupWorld for ThirdPersonExampleMap, bSessionEnded=true, bCleanupResources=true
[2020.08.22-09.05.06:574][936]LogSlate: InvalidateAllWidgets triggered.  All widgets were invalidated
[2020.08.22-09.05.06:645][936]LogPlayLevel: Display: Shutting down PIE online subsystems
[2020.08.22-09.05.06:671][936]LogSlate: InvalidateAllWidgets triggered.  All widgets were invalidated
[2020.08.22-09.05.06:932][936]LogSlate: Updating window title bar state: overlay mode, drag disabled, window buttons hidden, title bar hidden
[2020.08.22-09.05.07:036][936]LogAISub: UAISubsystem::~UAISubsystem AIPerceptionSystem (0000022519CE0180), frame # 11936
[2020.08.22-09.05.07:036][936]LogAISub: UAISubsystem::~UAISubsystem EnvQueryManager (0000022527E4A600), frame # 11936
[2020.08.22-09.05.07:260][936]LogUObjectHash: Compacting FUObjectHashTables data took   9.00ms
[2020.08.22-09.05.07:328][937]LogPlayLevel: Display: Destroying online subsystem :Context_10
[2020.08.22-09.05.31:120][460]LogUObjectHash: Compacting FUObjectHashTables data took   3.54ms
[2020.08.22-09.05.31:317][460]LogSavePackage: Moving 'C:/Users/claud/OneDrive/Documentos/GitHub/Programacion-3/Trabajo2/Saved/ThirdPersonExampleMapF59830B543D841327951BBA8FB23A9F8.tmp' to 'C:/Users/claud/OneDrive/Documentos/GitHub/Programacion-3/Trabajo2/Content/ThirdPersonBP/Maps/ThirdPersonExampleMap.umap'
[2020.08.22-09.05.31:520][460]LogSavePackage: Moving 'C:/Users/claud/OneDrive/Documentos/GitHub/Programacion-3/Trabajo2/Saved/ThirdPersonExampleMap_BuiltData9FD5E8C74820448FAD8B6E98EC73C9A6.tmp' to 'C:/Users/claud/OneDrive/Documentos/GitHub/Programacion-3/Trabajo2/Content/ThirdPersonBP/Maps/ThirdPersonExampleMap_BuiltData.uasset'
[2020.08.22-09.05.31:540][460]AssetCheck: New page: Asset Save: multiple assets
[2020.08.22-09.05.31:540][460]LogContentValidation: Display: Validating World /Game/ThirdPersonBP/Maps/ThirdPersonExampleMap.ThirdPersonExampleMap
[2020.08.22-09.05.31:540][460]LogContentValidation: Display: Validating MapBuildDataRegistry /Game/ThirdPersonBP/Maps/ThirdPersonExampleMap_BuiltData.ThirdPersonExampleMap_BuiltData
